<?xml version="1.0" encoding="UTF-8"?>
<testsuites name="jest tests" tests="3" failures="3" time="4.606">
  <testsuite name="Button tests" errors="0" failures="3" skipped="0" timestamp="2022-12-21T07:59:47" time="2.283" tests="3">
    <testcase classname="Button tests" name="Dodano poprawnie komponent Button" time="0.036">
      <failure>Error: expect(received).toBe(expected) // Object.is equality

Expected: true
Received: false
    at Object.&lt;anonymous&gt; (/Users/krzysztofmendrek/Programowanie/FutureCollars - edition/fe-react-02-02/src/Button.test.js:18:45)
    at Object.asyncJestTest (/Users/krzysztofmendrek/Programowanie/FutureCollars - edition/fe-react-02-02/node_modules/jest-jasmine2/build/jasmineAsyncInstall.js:102:37)
    at /Users/krzysztofmendrek/Programowanie/FutureCollars - edition/fe-react-02-02/node_modules/jest-jasmine2/build/queueRunner.js:43:12
    at new Promise (&lt;anonymous&gt;)
    at mapper (/Users/krzysztofmendrek/Programowanie/FutureCollars - edition/fe-react-02-02/node_modules/jest-jasmine2/build/queueRunner.js:26:19)
    at /Users/krzysztofmendrek/Programowanie/FutureCollars - edition/fe-react-02-02/node_modules/jest-jasmine2/build/queueRunner.js:73:41
    at processTicksAndRejections (node:internal/process/task_queues:96:5)</failure>
    </testcase>
    <testcase classname="Button tests" name="Dodano prop potrzebny do przekazania napisu w buttonie (label)" time="0.061">
      <failure>Error: Button(...): Nothing was returned from render. This usually means a return statement is missing. Or, to render nothing, return null.
    at validateRenderResult (/Users/krzysztofmendrek/Programowanie/FutureCollars - edition/fe-react-02-02/node_modules/react-dom/cjs/react-dom-server.node.development.js:2940:15)
    at processChild (/Users/krzysztofmendrek/Programowanie/FutureCollars - edition/fe-react-02-02/node_modules/react-dom/cjs/react-dom-server.node.development.js:3048:9)
    at resolve (/Users/krzysztofmendrek/Programowanie/FutureCollars - edition/fe-react-02-02/node_modules/react-dom/cjs/react-dom-server.node.development.js:2960:5)
    at ReactDOMServerRenderer.render (/Users/krzysztofmendrek/Programowanie/FutureCollars - edition/fe-react-02-02/node_modules/react-dom/cjs/react-dom-server.node.development.js:3435:22)
    at ReactDOMServerRenderer.read (/Users/krzysztofmendrek/Programowanie/FutureCollars - edition/fe-react-02-02/node_modules/react-dom/cjs/react-dom-server.node.development.js:3373:29)
    at Object.renderToStaticMarkup (/Users/krzysztofmendrek/Programowanie/FutureCollars - edition/fe-react-02-02/node_modules/react-dom/cjs/react-dom-server.node.development.js:4004:27)
    at Object.render (/Users/krzysztofmendrek/Programowanie/FutureCollars - edition/fe-react-02-02/node_modules/enzyme-adapter-react-16/src/ReactSixteenAdapter.js:835:31)
    at render (/Users/krzysztofmendrek/Programowanie/FutureCollars - edition/fe-react-02-02/node_modules/enzyme/src/render.js:21:25)
    at Object.&lt;anonymous&gt; (/Users/krzysztofmendrek/Programowanie/FutureCollars - edition/fe-react-02-02/src/Button.test.js:21:27)
    at Object.asyncJestTest (/Users/krzysztofmendrek/Programowanie/FutureCollars - edition/fe-react-02-02/node_modules/jest-jasmine2/build/jasmineAsyncInstall.js:102:37)
    at /Users/krzysztofmendrek/Programowanie/FutureCollars - edition/fe-react-02-02/node_modules/jest-jasmine2/build/queueRunner.js:43:12
    at new Promise (&lt;anonymous&gt;)
    at mapper (/Users/krzysztofmendrek/Programowanie/FutureCollars - edition/fe-react-02-02/node_modules/jest-jasmine2/build/queueRunner.js:26:19)
    at /Users/krzysztofmendrek/Programowanie/FutureCollars - edition/fe-react-02-02/node_modules/jest-jasmine2/build/queueRunner.js:73:41
    at processTicksAndRejections (node:internal/process/task_queues:96:5)</failure>
    </testcase>
    <testcase classname="Button tests" name="Dodano prop funkcji callback odpalanej na kliku w button (onBtnClick)" time="0.023">
      <failure>TypeError: Cannot read properties of undefined (reading &apos;props&apos;)
    at Object.simulateEvent (/Users/krzysztofmendrek/Programowanie/FutureCollars - edition/fe-react-02-02/node_modules/enzyme-adapter-react-16/src/ReactSixteenAdapter.js:794:30)
    at ShallowWrapper.call (/Users/krzysztofmendrek/Programowanie/FutureCollars - edition/fe-react-02-02/node_modules/enzyme/src/ShallowWrapper.js:1134:7)
    at ShallowWrapper.single (/Users/krzysztofmendrek/Programowanie/FutureCollars - edition/fe-react-02-02/node_modules/enzyme/src/ShallowWrapper.js:1654:21)
    at ShallowWrapper.simulate (/Users/krzysztofmendrek/Programowanie/FutureCollars - edition/fe-react-02-02/node_modules/enzyme/src/ShallowWrapper.js:1133:17)
    at Object.&lt;anonymous&gt; (/Users/krzysztofmendrek/Programowanie/FutureCollars - edition/fe-react-02-02/src/Button.test.js:26:13)
    at Object.asyncJestTest (/Users/krzysztofmendrek/Programowanie/FutureCollars - edition/fe-react-02-02/node_modules/jest-jasmine2/build/jasmineAsyncInstall.js:102:37)
    at /Users/krzysztofmendrek/Programowanie/FutureCollars - edition/fe-react-02-02/node_modules/jest-jasmine2/build/queueRunner.js:43:12
    at new Promise (&lt;anonymous&gt;)
    at mapper (/Users/krzysztofmendrek/Programowanie/FutureCollars - edition/fe-react-02-02/node_modules/jest-jasmine2/build/queueRunner.js:26:19)
    at /Users/krzysztofmendrek/Programowanie/FutureCollars - edition/fe-react-02-02/node_modules/jest-jasmine2/build/queueRunner.js:73:41
    at processTicksAndRejections (node:internal/process/task_queues:96:5)</failure>
    </testcase>
  </testsuite>
</testsuites>